Determining if the pthread_create exist failed with the following output:
Change Dir: /home/s-jin/Documents/SFND_2D_Feature_Tracking/build/CMakeFiles/CMakeTmp

Run Build Command(s):/usr/bin/make cmTC_12f29/fast 
/usr/bin/make -f CMakeFiles/cmTC_12f29.dir/build.make CMakeFiles/cmTC_12f29.dir/build
make[1]: Entering directory '/home/s-jin/Documents/SFND_2D_Feature_Tracking/build/CMakeFiles/CMakeTmp'
Building C object CMakeFiles/cmTC_12f29.dir/CheckSymbolExists.c.o
/usr/bin/cc   -fPIC    -o CMakeFiles/cmTC_12f29.dir/CheckSymbolExists.c.o   -c /home/s-jin/Documents/SFND_2D_Feature_Tracking/build/CMakeFiles/CMakeTmp/CheckSymbolExists.c
Linking C executable cmTC_12f29
/usr/bin/cmake -E cmake_link_script CMakeFiles/cmTC_12f29.dir/link.txt --verbose=1
/usr/bin/cc -fPIC     -rdynamic CMakeFiles/cmTC_12f29.dir/CheckSymbolExists.c.o  -o cmTC_12f29 
CMakeFiles/cmTC_12f29.dir/CheckSymbolExists.c.o: In function `main':
CheckSymbolExists.c:(.text+0x1b): undefined reference to `pthread_create'
collect2: error: ld returned 1 exit status
CMakeFiles/cmTC_12f29.dir/build.make:86: recipe for target 'cmTC_12f29' failed
make[1]: *** [cmTC_12f29] Error 1
make[1]: Leaving directory '/home/s-jin/Documents/SFND_2D_Feature_Tracking/build/CMakeFiles/CMakeTmp'
Makefile:121: recipe for target 'cmTC_12f29/fast' failed
make: *** [cmTC_12f29/fast] Error 2

File /home/s-jin/Documents/SFND_2D_Feature_Tracking/build/CMakeFiles/CMakeTmp/CheckSymbolExists.c:
/* */
#include <pthread.h>

int main(int argc, char** argv)
{
  (void)argv;
#ifndef pthread_create
  return ((int*)(&pthread_create))[argc];
#else
  (void)argc;
  return 0;
#endif
}

Determining if the function pthread_create exists in the pthreads failed with the following output:
Change Dir: /home/s-jin/Documents/SFND_2D_Feature_Tracking/build/CMakeFiles/CMakeTmp

Run Build Command(s):/usr/bin/make cmTC_1bf3e/fast 
/usr/bin/make -f CMakeFiles/cmTC_1bf3e.dir/build.make CMakeFiles/cmTC_1bf3e.dir/build
make[1]: Entering directory '/home/s-jin/Documents/SFND_2D_Feature_Tracking/build/CMakeFiles/CMakeTmp'
Building C object CMakeFiles/cmTC_1bf3e.dir/CheckFunctionExists.c.o
/usr/bin/cc   -fPIC -DCHECK_FUNCTION_EXISTS=pthread_create   -o CMakeFiles/cmTC_1bf3e.dir/CheckFunctionExists.c.o   -c /usr/share/cmake-3.14/Modules/CheckFunctionExists.c
Linking C executable cmTC_1bf3e
/usr/bin/cmake -E cmake_link_script CMakeFiles/cmTC_1bf3e.dir/link.txt --verbose=1
/usr/bin/cc -fPIC -DCHECK_FUNCTION_EXISTS=pthread_create    -rdynamic CMakeFiles/cmTC_1bf3e.dir/CheckFunctionExists.c.o  -o cmTC_1bf3e -lpthreads 
/usr/bin/ld: cannot find -lpthreads
collect2: error: ld returned 1 exit status
CMakeFiles/cmTC_1bf3e.dir/build.make:86: recipe for target 'cmTC_1bf3e' failed
make[1]: *** [cmTC_1bf3e] Error 1
make[1]: Leaving directory '/home/s-jin/Documents/SFND_2D_Feature_Tracking/build/CMakeFiles/CMakeTmp'
Makefile:121: recipe for target 'cmTC_1bf3e/fast' failed
make: *** [cmTC_1bf3e/fast] Error 2


